<?xml version="1.0" encoding="UTF-8"?>
<testsuite xmlns:xsi="http://www.w3.org/2001/XMLSchema-instance" xsi:noNamespaceSchemaLocation="https://maven.apache.org/surefire/maven-surefire-plugin/xsd/surefire-test-report.xsd" name="s3sdkoci.S3SdkTest" time="147.223" tests="11" errors="0" skipped="0" failures="0">
  <properties>
    <property name="gopherProxySet" value="false"/>
    <property name="awt.toolkit" value="sun.lwawt.macosx.LWCToolkit"/>
    <property name="java.specification.version" value="11"/>
    <property name="sun.cpu.isalist" value=""/>
    <property name="sun.jnu.encoding" value="UTF-8"/>
    <property name="java.class.path" value="/Users/luka/dev_env/program/oci_dev/AWS_S3_SDK/awssdkdemo/target/test-classes:/Users/luka/dev_env/program/oci_dev/AWS_S3_SDK/awssdkdemo/target/classes:/Users/luka/dev_env/environment/maven-3.8.6-repo/org/junit/jupiter/junit-jupiter-api/5.8.2/junit-jupiter-api-5.8.2.jar:/Users/luka/dev_env/environment/maven-3.8.6-repo/org/opentest4j/opentest4j/1.2.0/opentest4j-1.2.0.jar:/Users/luka/dev_env/environment/maven-3.8.6-repo/org/junit/platform/junit-platform-commons/1.8.2/junit-platform-commons-1.8.2.jar:/Users/luka/dev_env/environment/maven-3.8.6-repo/org/apiguardian/apiguardian-api/1.1.2/apiguardian-api-1.1.2.jar:/Users/luka/dev_env/environment/maven-3.8.6-repo/org/junit/jupiter/junit-jupiter-engine/5.8.2/junit-jupiter-engine-5.8.2.jar:/Users/luka/dev_env/environment/maven-3.8.6-repo/org/junit/platform/junit-platform-engine/1.8.2/junit-platform-engine-1.8.2.jar:/Users/luka/dev_env/environment/maven-3.8.6-repo/software/amazon/awssdk/s3/2.21.46/s3-2.21.46.jar:/Users/luka/dev_env/environment/maven-3.8.6-repo/software/amazon/awssdk/aws-xml-protocol/2.21.46/aws-xml-protocol-2.21.46.jar:/Users/luka/dev_env/environment/maven-3.8.6-repo/software/amazon/awssdk/aws-query-protocol/2.21.46/aws-query-protocol-2.21.46.jar:/Users/luka/dev_env/environment/maven-3.8.6-repo/software/amazon/awssdk/protocol-core/2.21.46/protocol-core-2.21.46.jar:/Users/luka/dev_env/environment/maven-3.8.6-repo/software/amazon/awssdk/arns/2.21.46/arns-2.21.46.jar:/Users/luka/dev_env/environment/maven-3.8.6-repo/software/amazon/awssdk/profiles/2.21.46/profiles-2.21.46.jar:/Users/luka/dev_env/environment/maven-3.8.6-repo/software/amazon/awssdk/crt-core/2.21.46/crt-core-2.21.46.jar:/Users/luka/dev_env/environment/maven-3.8.6-repo/software/amazon/awssdk/http-auth/2.21.46/http-auth-2.21.46.jar:/Users/luka/dev_env/environment/maven-3.8.6-repo/software/amazon/awssdk/identity-spi/2.21.46/identity-spi-2.21.46.jar:/Users/luka/dev_env/environment/maven-3.8.6-repo/software/amazon/awssdk/http-auth-spi/2.21.46/http-auth-spi-2.21.46.jar:/Users/luka/dev_env/environment/maven-3.8.6-repo/org/reactivestreams/reactive-streams/1.0.4/reactive-streams-1.0.4.jar:/Users/luka/dev_env/environment/maven-3.8.6-repo/software/amazon/awssdk/http-auth-aws/2.21.46/http-auth-aws-2.21.46.jar:/Users/luka/dev_env/environment/maven-3.8.6-repo/software/amazon/awssdk/checksums/2.21.46/checksums-2.21.46.jar:/Users/luka/dev_env/environment/maven-3.8.6-repo/software/amazon/awssdk/checksums-spi/2.21.46/checksums-spi-2.21.46.jar:/Users/luka/dev_env/environment/maven-3.8.6-repo/software/amazon/awssdk/sdk-core/2.21.46/sdk-core-2.21.46.jar:/Users/luka/dev_env/environment/maven-3.8.6-repo/org/slf4j/slf4j-api/1.7.30/slf4j-api-1.7.30.jar:/Users/luka/dev_env/environment/maven-3.8.6-repo/software/amazon/awssdk/auth/2.21.46/auth-2.21.46.jar:/Users/luka/dev_env/environment/maven-3.8.6-repo/software/amazon/eventstream/eventstream/1.0.1/eventstream-1.0.1.jar:/Users/luka/dev_env/environment/maven-3.8.6-repo/software/amazon/awssdk/http-client-spi/2.21.46/http-client-spi-2.21.46.jar:/Users/luka/dev_env/environment/maven-3.8.6-repo/software/amazon/awssdk/regions/2.21.46/regions-2.21.46.jar:/Users/luka/dev_env/environment/maven-3.8.6-repo/software/amazon/awssdk/annotations/2.21.46/annotations-2.21.46.jar:/Users/luka/dev_env/environment/maven-3.8.6-repo/software/amazon/awssdk/utils/2.21.46/utils-2.21.46.jar:/Users/luka/dev_env/environment/maven-3.8.6-repo/software/amazon/awssdk/aws-core/2.21.46/aws-core-2.21.46.jar:/Users/luka/dev_env/environment/maven-3.8.6-repo/software/amazon/awssdk/metrics-spi/2.21.46/metrics-spi-2.21.46.jar:/Users/luka/dev_env/environment/maven-3.8.6-repo/software/amazon/awssdk/json-utils/2.21.46/json-utils-2.21.46.jar:/Users/luka/dev_env/environment/maven-3.8.6-repo/software/amazon/awssdk/third-party-jackson-core/2.21.46/third-party-jackson-core-2.21.46.jar:/Users/luka/dev_env/environment/maven-3.8.6-repo/software/amazon/awssdk/endpoints-spi/2.21.46/endpoints-spi-2.21.46.jar:/Users/luka/dev_env/environment/maven-3.8.6-repo/software/amazon/awssdk/apache-client/2.21.46/apache-client-2.21.46.jar:/Users/luka/dev_env/environment/maven-3.8.6-repo/org/apache/httpcomponents/httpclient/4.5.13/httpclient-4.5.13.jar:/Users/luka/dev_env/environment/maven-3.8.6-repo/commons-logging/commons-logging/1.2/commons-logging-1.2.jar:/Users/luka/dev_env/environment/maven-3.8.6-repo/org/apache/httpcomponents/httpcore/4.4.13/httpcore-4.4.13.jar:/Users/luka/dev_env/environment/maven-3.8.6-repo/commons-codec/commons-codec/1.15/commons-codec-1.15.jar:/Users/luka/dev_env/environment/maven-3.8.6-repo/software/amazon/awssdk/netty-nio-client/2.21.46/netty-nio-client-2.21.46.jar:/Users/luka/dev_env/environment/maven-3.8.6-repo/io/netty/netty-codec-http/4.1.100.Final/netty-codec-http-4.1.100.Final.jar:/Users/luka/dev_env/environment/maven-3.8.6-repo/io/netty/netty-codec-http2/4.1.100.Final/netty-codec-http2-4.1.100.Final.jar:/Users/luka/dev_env/environment/maven-3.8.6-repo/io/netty/netty-codec/4.1.100.Final/netty-codec-4.1.100.Final.jar:/Users/luka/dev_env/environment/maven-3.8.6-repo/io/netty/netty-transport/4.1.100.Final/netty-transport-4.1.100.Final.jar:/Users/luka/dev_env/environment/maven-3.8.6-repo/io/netty/netty-common/4.1.100.Final/netty-common-4.1.100.Final.jar:/Users/luka/dev_env/environment/maven-3.8.6-repo/io/netty/netty-buffer/4.1.100.Final/netty-buffer-4.1.100.Final.jar:/Users/luka/dev_env/environment/maven-3.8.6-repo/io/netty/netty-handler/4.1.100.Final/netty-handler-4.1.100.Final.jar:/Users/luka/dev_env/environment/maven-3.8.6-repo/io/netty/netty-transport-native-unix-common/4.1.100.Final/netty-transport-native-unix-common-4.1.100.Final.jar:/Users/luka/dev_env/environment/maven-3.8.6-repo/io/netty/netty-transport-classes-epoll/4.1.100.Final/netty-transport-classes-epoll-4.1.100.Final.jar:/Users/luka/dev_env/environment/maven-3.8.6-repo/io/netty/netty-resolver/4.1.100.Final/netty-resolver-4.1.100.Final.jar:/Users/luka/dev_env/environment/maven-3.8.6-repo/software/amazon/awssdk/dynamodb/2.21.46/dynamodb-2.21.46.jar:/Users/luka/dev_env/environment/maven-3.8.6-repo/software/amazon/awssdk/aws-json-protocol/2.21.46/aws-json-protocol-2.21.46.jar:"/>
    <property name="java.vm.vendor" value="Oracle Corporation"/>
    <property name="sun.arch.data.model" value="64"/>
    <property name="java.vendor.url" value="https://openjdk.java.net/"/>
    <property name="user.timezone" value=""/>
    <property name="java.vm.specification.version" value="11"/>
    <property name="os.name" value="Mac OS X"/>
    <property name="sun.java.launcher" value="SUN_STANDARD"/>
    <property name="user.country" value="CN"/>
    <property name="sun.boot.library.path" value="/Library/Java/JavaVirtualMachines/jdk-11.jdk/Contents/Home/lib"/>
    <property name="sun.java.command" value="/Users/luka/dev_env/program/oci_dev/AWS_S3_SDK/awssdkdemo/target/surefire/surefirebooter16528498477181747240.jar /Users/luka/dev_env/program/oci_dev/AWS_S3_SDK/awssdkdemo/target/surefire 2025-07-04T14-50-20_290-jvmRun1 surefire14165349693329199198tmp surefire_011273503937819837532tmp"/>
    <property name="jdk.debug" value="release"/>
    <property name="surefire.test.class.path" value="/Users/luka/dev_env/program/oci_dev/AWS_S3_SDK/awssdkdemo/target/test-classes:/Users/luka/dev_env/program/oci_dev/AWS_S3_SDK/awssdkdemo/target/classes:/Users/luka/dev_env/environment/maven-3.8.6-repo/org/junit/jupiter/junit-jupiter-api/5.8.2/junit-jupiter-api-5.8.2.jar:/Users/luka/dev_env/environment/maven-3.8.6-repo/org/opentest4j/opentest4j/1.2.0/opentest4j-1.2.0.jar:/Users/luka/dev_env/environment/maven-3.8.6-repo/org/junit/platform/junit-platform-commons/1.8.2/junit-platform-commons-1.8.2.jar:/Users/luka/dev_env/environment/maven-3.8.6-repo/org/apiguardian/apiguardian-api/1.1.2/apiguardian-api-1.1.2.jar:/Users/luka/dev_env/environment/maven-3.8.6-repo/org/junit/jupiter/junit-jupiter-engine/5.8.2/junit-jupiter-engine-5.8.2.jar:/Users/luka/dev_env/environment/maven-3.8.6-repo/org/junit/platform/junit-platform-engine/1.8.2/junit-platform-engine-1.8.2.jar:/Users/luka/dev_env/environment/maven-3.8.6-repo/software/amazon/awssdk/s3/2.21.46/s3-2.21.46.jar:/Users/luka/dev_env/environment/maven-3.8.6-repo/software/amazon/awssdk/aws-xml-protocol/2.21.46/aws-xml-protocol-2.21.46.jar:/Users/luka/dev_env/environment/maven-3.8.6-repo/software/amazon/awssdk/aws-query-protocol/2.21.46/aws-query-protocol-2.21.46.jar:/Users/luka/dev_env/environment/maven-3.8.6-repo/software/amazon/awssdk/protocol-core/2.21.46/protocol-core-2.21.46.jar:/Users/luka/dev_env/environment/maven-3.8.6-repo/software/amazon/awssdk/arns/2.21.46/arns-2.21.46.jar:/Users/luka/dev_env/environment/maven-3.8.6-repo/software/amazon/awssdk/profiles/2.21.46/profiles-2.21.46.jar:/Users/luka/dev_env/environment/maven-3.8.6-repo/software/amazon/awssdk/crt-core/2.21.46/crt-core-2.21.46.jar:/Users/luka/dev_env/environment/maven-3.8.6-repo/software/amazon/awssdk/http-auth/2.21.46/http-auth-2.21.46.jar:/Users/luka/dev_env/environment/maven-3.8.6-repo/software/amazon/awssdk/identity-spi/2.21.46/identity-spi-2.21.46.jar:/Users/luka/dev_env/environment/maven-3.8.6-repo/software/amazon/awssdk/http-auth-spi/2.21.46/http-auth-spi-2.21.46.jar:/Users/luka/dev_env/environment/maven-3.8.6-repo/org/reactivestreams/reactive-streams/1.0.4/reactive-streams-1.0.4.jar:/Users/luka/dev_env/environment/maven-3.8.6-repo/software/amazon/awssdk/http-auth-aws/2.21.46/http-auth-aws-2.21.46.jar:/Users/luka/dev_env/environment/maven-3.8.6-repo/software/amazon/awssdk/checksums/2.21.46/checksums-2.21.46.jar:/Users/luka/dev_env/environment/maven-3.8.6-repo/software/amazon/awssdk/checksums-spi/2.21.46/checksums-spi-2.21.46.jar:/Users/luka/dev_env/environment/maven-3.8.6-repo/software/amazon/awssdk/sdk-core/2.21.46/sdk-core-2.21.46.jar:/Users/luka/dev_env/environment/maven-3.8.6-repo/org/slf4j/slf4j-api/1.7.30/slf4j-api-1.7.30.jar:/Users/luka/dev_env/environment/maven-3.8.6-repo/software/amazon/awssdk/auth/2.21.46/auth-2.21.46.jar:/Users/luka/dev_env/environment/maven-3.8.6-repo/software/amazon/eventstream/eventstream/1.0.1/eventstream-1.0.1.jar:/Users/luka/dev_env/environment/maven-3.8.6-repo/software/amazon/awssdk/http-client-spi/2.21.46/http-client-spi-2.21.46.jar:/Users/luka/dev_env/environment/maven-3.8.6-repo/software/amazon/awssdk/regions/2.21.46/regions-2.21.46.jar:/Users/luka/dev_env/environment/maven-3.8.6-repo/software/amazon/awssdk/annotations/2.21.46/annotations-2.21.46.jar:/Users/luka/dev_env/environment/maven-3.8.6-repo/software/amazon/awssdk/utils/2.21.46/utils-2.21.46.jar:/Users/luka/dev_env/environment/maven-3.8.6-repo/software/amazon/awssdk/aws-core/2.21.46/aws-core-2.21.46.jar:/Users/luka/dev_env/environment/maven-3.8.6-repo/software/amazon/awssdk/metrics-spi/2.21.46/metrics-spi-2.21.46.jar:/Users/luka/dev_env/environment/maven-3.8.6-repo/software/amazon/awssdk/json-utils/2.21.46/json-utils-2.21.46.jar:/Users/luka/dev_env/environment/maven-3.8.6-repo/software/amazon/awssdk/third-party-jackson-core/2.21.46/third-party-jackson-core-2.21.46.jar:/Users/luka/dev_env/environment/maven-3.8.6-repo/software/amazon/awssdk/endpoints-spi/2.21.46/endpoints-spi-2.21.46.jar:/Users/luka/dev_env/environment/maven-3.8.6-repo/software/amazon/awssdk/apache-client/2.21.46/apache-client-2.21.46.jar:/Users/luka/dev_env/environment/maven-3.8.6-repo/org/apache/httpcomponents/httpclient/4.5.13/httpclient-4.5.13.jar:/Users/luka/dev_env/environment/maven-3.8.6-repo/commons-logging/commons-logging/1.2/commons-logging-1.2.jar:/Users/luka/dev_env/environment/maven-3.8.6-repo/org/apache/httpcomponents/httpcore/4.4.13/httpcore-4.4.13.jar:/Users/luka/dev_env/environment/maven-3.8.6-repo/commons-codec/commons-codec/1.15/commons-codec-1.15.jar:/Users/luka/dev_env/environment/maven-3.8.6-repo/software/amazon/awssdk/netty-nio-client/2.21.46/netty-nio-client-2.21.46.jar:/Users/luka/dev_env/environment/maven-3.8.6-repo/io/netty/netty-codec-http/4.1.100.Final/netty-codec-http-4.1.100.Final.jar:/Users/luka/dev_env/environment/maven-3.8.6-repo/io/netty/netty-codec-http2/4.1.100.Final/netty-codec-http2-4.1.100.Final.jar:/Users/luka/dev_env/environment/maven-3.8.6-repo/io/netty/netty-codec/4.1.100.Final/netty-codec-4.1.100.Final.jar:/Users/luka/dev_env/environment/maven-3.8.6-repo/io/netty/netty-transport/4.1.100.Final/netty-transport-4.1.100.Final.jar:/Users/luka/dev_env/environment/maven-3.8.6-repo/io/netty/netty-common/4.1.100.Final/netty-common-4.1.100.Final.jar:/Users/luka/dev_env/environment/maven-3.8.6-repo/io/netty/netty-buffer/4.1.100.Final/netty-buffer-4.1.100.Final.jar:/Users/luka/dev_env/environment/maven-3.8.6-repo/io/netty/netty-handler/4.1.100.Final/netty-handler-4.1.100.Final.jar:/Users/luka/dev_env/environment/maven-3.8.6-repo/io/netty/netty-transport-native-unix-common/4.1.100.Final/netty-transport-native-unix-common-4.1.100.Final.jar:/Users/luka/dev_env/environment/maven-3.8.6-repo/io/netty/netty-transport-classes-epoll/4.1.100.Final/netty-transport-classes-epoll-4.1.100.Final.jar:/Users/luka/dev_env/environment/maven-3.8.6-repo/io/netty/netty-resolver/4.1.100.Final/netty-resolver-4.1.100.Final.jar:/Users/luka/dev_env/environment/maven-3.8.6-repo/software/amazon/awssdk/dynamodb/2.21.46/dynamodb-2.21.46.jar:/Users/luka/dev_env/environment/maven-3.8.6-repo/software/amazon/awssdk/aws-json-protocol/2.21.46/aws-json-protocol-2.21.46.jar:"/>
    <property name="sun.cpu.endian" value="little"/>
    <property name="user.home" value="/Users/luka"/>
    <property name="user.language" value="en"/>
    <property name="java.specification.vendor" value="Oracle Corporation"/>
    <property name="java.version.date" value="2025-01-21"/>
    <property name="java.home" value="/Library/Java/JavaVirtualMachines/jdk-11.jdk/Contents/Home"/>
    <property name="file.separator" value="/"/>
    <property name="basedir" value="/Users/luka/dev_env/program/oci_dev/AWS_S3_SDK/awssdkdemo"/>
    <property name="java.vm.compressedOopsMode" value="Zero based"/>
    <property name="line.separator" value="&#10;"/>
    <property name="java.specification.name" value="Java Platform API Specification"/>
    <property name="java.vm.specification.vendor" value="Oracle Corporation"/>
    <property name="java.awt.graphicsenv" value="sun.awt.CGraphicsEnvironment"/>
    <property name="surefire.real.class.path" value="/Users/luka/dev_env/program/oci_dev/AWS_S3_SDK/awssdkdemo/target/surefire/surefirebooter16528498477181747240.jar"/>
    <property name="sun.management.compiler" value="HotSpot 64-Bit Tiered Compilers"/>
    <property name="java.runtime.version" value="11.0.26+7-LTS-187"/>
    <property name="user.name" value="luka"/>
    <property name="path.separator" value=":"/>
    <property name="os.version" value="15.5"/>
    <property name="java.runtime.name" value="Java(TM) SE Runtime Environment"/>
    <property name="file.encoding" value="UTF-8"/>
    <property name="java.vm.name" value="Java HotSpot(TM) 64-Bit Server VM"/>
    <property name="java.vendor.version" value="18.9"/>
    <property name="localRepository" value="/Users/luka/dev_env/environment/maven-3.8.6-repo"/>
    <property name="java.vendor.url.bug" value="https://bugreport.java.com/bugreport/"/>
    <property name="java.io.tmpdir" value="/var/folders/lq/jdffvl1519vb7_ylnl_m0cz40000gn/T/"/>
    <property name="java.version" value="11.0.26"/>
    <property name="user.dir" value="/Users/luka/dev_env/program/oci_dev/AWS_S3_SDK/awssdkdemo"/>
    <property name="os.arch" value="aarch64"/>
    <property name="java.vm.specification.name" value="Java Virtual Machine Specification"/>
    <property name="java.awt.printerjob" value="sun.lwawt.macosx.CPrinterJob"/>
    <property name="sun.os.patch.level" value="unknown"/>
    <property name="java.library.path" value="/Users/luka/Library/Java/Extensions:/Library/Java/Extensions:/Network/Library/Java/Extensions:/System/Library/Java/Extensions:/usr/lib/java:."/>
    <property name="java.vendor" value="Oracle Corporation"/>
    <property name="java.vm.info" value="mixed mode"/>
    <property name="java.vm.version" value="11.0.26+7-LTS-187"/>
    <property name="java.specification.maintenance.version" value="3"/>
    <property name="sun.io.unicode.encoding" value="UnicodeBig"/>
    <property name="java.class.version" value="55.0"/>
  </properties>
  <testcase name="testCreateMultipartUpload" classname="s3sdkoci.S3SdkTest" time="84.592"/>
  <testcase name="testListObjects" classname="s3sdkoci.S3SdkTest" time="1.121"/>
  <testcase name="testGenerateUploadPartPresignedUrl" classname="s3sdkoci.S3SdkTest" time="42.478"/>
  <testcase name="testBatchDelete" classname="s3sdkoci.S3SdkTest" time="1.198"/>
  <testcase name="testGenerateGetPresignedUrl" classname="s3sdkoci.S3SdkTest" time="0.014"/>
  <testcase name="testAbortMultipartUpload" classname="s3sdkoci.S3SdkTest" time="6.949"/>
  <testcase name="TestDeleteObject" classname="s3sdkoci.S3SdkTest" time="0.998"/>
  <testcase name="testPutObject" classname="s3sdkoci.S3SdkTest" time="4.101"/>
  <testcase name="testGeneratePutPresignedUrl" classname="s3sdkoci.S3SdkTest" time="3.803"/>
  <testcase name="testHeadObject" classname="s3sdkoci.S3SdkTest" time="0.985"/>
  <testcase name="testGetObject" classname="s3sdkoci.S3SdkTest" time="0.974"/>
</testsuite>